
Gurobi 8.0.0 (win64, Python) logging started 05/27/18 21:27:30

Academic license - for non-commercial use only
Optimize a model with 3628 rows, 2500 columns and 14308 nonzeros
Variable types: 50 continuous, 2450 integer (2450 binary)
Coefficient statistics:
  Matrix range     [1e+00, 2e+01]
  Objective range  [1e+02, 8e+03]
  Bounds range     [1e+00, 2e+01]
  RHS range        [1e+00, 2e+01]
Presolve removed 0 rows and 1 columns
Presolve time: 0.08s
Presolved: 3628 rows, 2499 columns, 14308 nonzeros
Variable types: 49 continuous, 2450 integer (2450 binary)
Found heuristic solution: objective 152828.00000

Root relaxation: objective 3.515950e+04, 194 iterations, 0.01 seconds

    Nodes    |    Current Node    |     Objective Bounds      |     Work
 Expl Unexpl |  Obj  Depth IntInf | Incumbent    BestBd   Gap | It/Node Time

     0     0 35159.5000    0   78 152828.000 35159.5000  77.0%     -    0s
     0     0 35455.6940    0   94 152828.000 35455.6940  76.8%     -    0s
     0     0 35616.6140    0   96 152828.000 35616.6140  76.7%     -    0s
     0     0 35748.0081    0  102 152828.000 35748.0081  76.6%     -    1s
     0     0 35748.0081    0  102 152828.000 35748.0081  76.6%     -    1s
     0     0 35783.6028    0  101 152828.000 35783.6028  76.6%     -    1s
     0     0 35783.6028    0  101 152828.000 35783.6028  76.6%     -    1s
     0     0 35789.2545    0  105 152828.000 35789.2545  76.6%     -    1s
     0     0 35803.9161    0  105 152828.000 35803.9161  76.6%     -    1s
     0     0 35803.9161    0  105 152828.000 35803.9161  76.6%     -    1s
     0     0 35821.4819    0  111 152828.000 35821.4819  76.6%     -    1s
     0     0 35821.4819    0  111 152828.000 35821.4819  76.6%     -    1s
     0     0 35821.4819    0  111 152828.000 35821.4819  76.6%     -    1s
     0     0 35821.4819    0  111 152828.000 35821.4819  76.6%     -    1s
H    0     0                    52852.000000 35821.4819  32.2%     -    2s
     0     2 35821.4819    0  111 52852.0000 35821.4819  32.2%     -    2s
H   32    31                    52502.000000 36394.7171  30.7%  18.3    2s
H   33    33                    52054.000000 36394.7171  30.1%  17.9    2s
H 1037   965                    52027.000000 36430.7171  30.0%  10.9    4s
H 1039   918                    51236.000000 36430.7171  28.9%  10.9    5s
H 1039   872                    51164.000000 36430.7171  28.8%  10.9    5s
H 1039   829                    51010.000000 36430.7171  28.6%  10.9    5s
H 1059   799                    51004.000000 37520.8129  26.4%  10.7   10s
H 1060   760                    50796.000000 37520.8129  26.1%  10.7   10s
H 1067   730                    50207.000000 37550.4142  25.2%  11.7   12s
H 1068   694                    48697.000000 37550.4142  22.9%  11.7   12s
  1138   735 37967.1247   20   95 48697.0000 37611.4940  22.8%  13.7   15s
H 1139   701                    48680.000000 37611.4940  22.7%  13.7   15s
  1955  1168 42830.5474  111   60 48680.0000 37611.4940  22.7%  19.8   20s
H 3374  2021                    48059.000000 37611.4940  21.7%  18.8   24s
  3551  2139     cutoff  250      48059.0000 37618.0265  21.7%  18.7   25s
* 4106  2622             244    47944.000000 37713.9024  21.3%  18.1   25s
  5672  3971 41748.9445   38   61 47944.0000 37761.0370  21.2%  19.2   30s
  8102  6092 40607.1111   90   50 47944.0000 37821.5282  21.1%  18.5   35s
 10798  8513 42065.2546  207   70 47944.0000 37857.7798  21.0%  17.7   40s
 13896 11243 43599.7601   48   29 47944.0000 37891.6892  21.0%  17.6   45s
H14252 11402                    47652.000000 37891.6892  20.5%  17.5   46s
 14673 11742 38409.1723   26   81 47652.0000 37909.0741  20.4%  17.4   51s
H14754 10805                    46476.000000 37909.0741  18.4%  17.4   51s
H15001 11025                    46406.000000 37909.0741  18.3%  17.5   52s
 16114 12001 38546.5568   21   91 46406.0000 37929.0000  18.3%  17.5   55s
 18171 13826 39529.4437   32   77 46406.0000 37955.3724  18.2%  17.5   60s
 21356 16664 40898.2042   51  111 46406.0000 37977.8595  18.2%  17.2   82s
 21366 16671 41900.9297   66  114 46406.0000 37977.8595  18.2%  17.2   85s
 21376 16677 44943.2974   84  125 46406.0000 37977.8595  18.2%  17.2   90s
 21385 16683 40961.4808   99  119 46406.0000 37977.8595  18.2%  17.2   95s
 21398 16692 40078.4943   72  127 46406.0000 37977.8595  18.2%  17.2  100s
H21399 15857                    46137.000000 37977.8595  17.7%  17.2  102s
 21404 15860 40965.8477   37   85 46137.0000 37977.8595  17.7%  17.2  105s
 21413 15866 43912.5945   52   94 46137.0000 37977.8595  17.7%  17.2  110s
 21420 15874 37977.8595   26   95 46137.0000 37977.8595  17.7%  17.3  115s
 21450 15889 38057.1959   31   75 46137.0000 37977.8595  17.7%  17.3  120s
 22469 16449 44065.3585  177   61 46137.0000 37977.8595  17.7%  18.2  125s
 23432 16898 40911.9964   39   81 46137.0000 37977.8595  17.7%  18.8  130s
 24394 17354 41758.9391  252   78 46137.0000 37977.8595  17.7%  18.7  135s
 27463 19086 38723.9779   96   80 46137.0000 38092.9183  17.4%  18.7  140s
 29705 20336 41735.6041   62   62 46137.0000 38118.5779  17.4%  18.5  145s
 32929 22010 44095.0460  224   34 46137.0000 38179.6736  17.2%  18.7  150s
 35649 23627 39073.5556  119   69 46137.0000 38208.3180  17.2%  18.8  155s
 38698 25434 39818.6397  125   38 46137.0000 38224.5637  17.1%  19.0  160s
 42280 27501 43426.5045  390   35 46137.0000 38255.8746  17.1%  19.0  165s
 44091 28505 40272.2631   75   58 46137.0000 38277.7919  17.0%  19.3  173s
 44913 28992 41028.0083  380   56 46137.0000 38277.7919  17.0%  19.2  175s
 48462 31096 39986.9130   57   81 46137.0000 38308.4330  17.0%  19.2  180s
 53408 34040 43104.6607  256   41 46137.0000 38329.5078  16.9%  18.9  185s
 56543 35853 40509.6327   75   64 46137.0000 38350.7502  16.9%  19.2  191s
 58968 37182 39360.9915  219   70 46137.0000 38352.6216  16.9%  19.3  195s
 62933 39510 38853.3184   41   93 46137.0000 38367.3500  16.8%  19.3  200s
 66377 41455 38988.1343   53   34 46137.0000 38377.6469  16.8%  19.3  205s
 69791 43568 38984.4687  135   71 46137.0000 38383.4405  16.8%  19.3  210s
 73053 46592 39542.9717   50   74 46137.0000 38393.8374  16.8%  19.2  215s
 76930 50160 41899.5622  139   90 46137.0000 38401.3912  16.8%  18.9  220s
 80864 53789 39476.0284   83   62 46137.0000 38408.6868  16.8%  18.8  225s
 82692 55496 41740.3346   58   64 46137.0000 38410.7541  16.7%  18.7  230s
 86695 59171 38508.1439   41   40 46137.0000 38423.3372  16.7%  18.6  235s
 89644 61931 39132.8101   46   91 46137.0000 38429.4120  16.7%  18.7  240s
 92858 64905 38536.1960   38   81 46137.0000 38436.1168  16.7%  18.9  245s
 96143 67900 40064.4296   51   80 46137.0000 38442.4458  16.7%  19.0  250s
 99179 70761 41012.0662   54   75 46137.0000 38446.4139  16.7%  19.0  255s
