
Gurobi 8.0.0 (win64, Python) logging started 05/29/18 14:58:26

Academic license - for non-commercial use only
Warning: linear constraint 1741 and linear constraint 1770 have the same name "ThreeNode[2]"
Optimize a model with 1799 rows, 930 columns and 6845 nonzeros
Variable types: 30 continuous, 900 integer (900 binary)
Coefficient statistics:
  Matrix range     [1e+00, 3e+01]
  Objective range  [1e+02, 5e+03]
  Bounds range     [1e+00, 3e+01]
  RHS range        [1e+00, 3e+01]
Found heuristic solution: objective 618.0000000
Presolve removed 117 rows and 31 columns
Presolve time: 0.01s
Presolved: 1682 rows, 899 columns, 4988 nonzeros
Variable types: 29 continuous, 870 integer (870 binary)

Root relaxation: objective 8.558323e+03, 60 iterations, 0.00 seconds

    Nodes    |    Current Node    |     Objective Bounds      |     Work
 Expl Unexpl |  Obj  Depth IntInf | Incumbent    BestBd   Gap | It/Node Time

     0     0 8558.32258    0   20  618.00000 8558.32258  1285%     -    0s
H    0     0                    1446.0000000 8558.32258   492%     -    0s
     0     0 7316.51613    0   32 1446.00000 7316.51613   406%     -    0s
H    0     0                    3586.0000000 7316.51613   104%     -    0s
     0     0 7295.00000    0   32 3586.00000 7295.00000   103%     -    0s
     0     0 7295.00000    0   32 3586.00000 7295.00000   103%     -    0s
     0     0 6775.00000    0   24 3586.00000 6775.00000  88.9%     -    0s
H    0     0                    3670.0000000 6775.00000  84.6%     -    0s
H    0     0                    4106.0000000 6775.00000  65.0%     -    0s
     0     0 6775.00000    0   24 4106.00000 6775.00000  65.0%     -    0s
H    0     0                    5658.0000000 6775.00000  19.7%     -    0s
     0     0 6775.00000    0   20 5658.00000 6775.00000  19.7%     -    0s
     0     0 6775.00000    0   22 5658.00000 6775.00000  19.7%     -    0s
H    0     0                    6063.0000000 6775.00000  11.7%     -    0s
     0     0 6775.00000    0   29 6063.00000 6775.00000  11.7%     -    0s
     0     0 6775.00000    0   20 6063.00000 6775.00000  11.7%     -    0s
     0     0 6775.00000    0   29 6063.00000 6775.00000  11.7%     -    0s
     0     0 6775.00000    0   35 6063.00000 6775.00000  11.7%     -    0s
     0     0 6775.00000    0   35 6063.00000 6775.00000  11.7%     -    0s
     0     0 6775.00000    0   24 6063.00000 6775.00000  11.7%     -    0s
     0     0 6775.00000    0   20 6063.00000 6775.00000  11.7%     -    0s
     0     0 6751.70485    0   25 6063.00000 6751.70485  11.4%     -    0s
     0     0 6747.72031    0   25 6063.00000 6747.72031  11.3%     -    0s
     0     0 6747.72031    0   25 6063.00000 6747.72031  11.3%     -    0s
     0     0 6747.72031    0   25 6063.00000 6747.72031  11.3%     -    0s
     0     0 6747.72031    0   25 6063.00000 6747.72031  11.3%     -    0s
     0     0 6747.72031    0   25 6063.00000 6747.72031  11.3%     -    0s
     0     0 6747.72031    0   25 6063.00000 6747.72031  11.3%     -    0s
     0     2 6747.72031    0   25 6063.00000 6747.72031  11.3%     -    0s
H  185    63                    6166.0000000 6609.25000  7.19%   3.5    0s
H  231    46                    6183.0000000 6481.45000  4.83%   3.8    0s

Cutting planes:
  Learned: 12
  Gomory: 4
  Implied bound: 12
  Clique: 2
  MIR: 13
  Inf proof: 4
  Zero half: 2

Explored 387 nodes (2248 simplex iterations) in 0.76 seconds
Thread count was 4 (of 4 available processors)

Solution count 9: 6183 6166 6063 ... 618

Optimal solution found (tolerance 1.00e-04)
Best objective 6.183000000000e+03, best bound 6.183000000000e+03, gap 0.0000%
Optimize a model with 1799 rows, 930 columns and 6845 nonzeros
Variable types: 30 continuous, 900 integer (900 binary)
Coefficient statistics:
  Matrix range     [1e+00, 3e+01]
  Objective range  [1e+02, 5e+03]
  Bounds range     [1e+00, 3e+01]
  RHS range        [1e+00, 3e+01]
Presolved: 1682 rows, 899 columns, 4988 nonzeros

Continuing optimization...


Cutting planes:
  Learned: 12
  Gomory: 4
  Implied bound: 12
  Clique: 2
  MIR: 13
  Inf proof: 4
  Zero half: 2

Explored 387 nodes (2248 simplex iterations) in 0.02 seconds
Thread count was 4 (of 4 available processors)

Solution count 9: 6183 6166 6063 ... 618

Optimal solution found (tolerance 1.00e-04)
Best objective 6.183000000000e+03, best bound 6.183000000000e+03, gap 0.0000%
Optimize a model with 1799 rows, 930 columns and 6845 nonzeros
Variable types: 30 continuous, 900 integer (900 binary)
Coefficient statistics:
  Matrix range     [1e+00, 3e+01]
  Objective range  [1e+02, 5e+03]
  Bounds range     [1e+00, 3e+01]
  RHS range        [1e+00, 3e+01]
Presolved: 1682 rows, 899 columns, 4988 nonzeros

Continuing optimization...


Cutting planes:
  Learned: 12
  Gomory: 4
  Implied bound: 12
  Clique: 2
  MIR: 13
  Inf proof: 4
  Zero half: 2

Explored 387 nodes (2248 simplex iterations) in 0.02 seconds
Thread count was 4 (of 4 available processors)

Solution count 9: 6183 6166 6063 ... 618

Optimal solution found (tolerance 1.00e-04)
Best objective 6.183000000000e+03, best bound 6.183000000000e+03, gap 0.0000%
Optimize a model with 1770 rows, 930 columns and 6004 nonzeros
Variable types: 30 continuous, 900 integer (900 binary)
Coefficient statistics:
  Matrix range     [1e+00, 3e+01]
  Objective range  [1e+02, 5e+03]
  Bounds range     [1e+00, 3e+01]
  RHS range        [1e+00, 3e+01]
Found heuristic solution: objective 618.0000000
Presolve removed 88 rows and 31 columns
Presolve time: 0.01s
Presolved: 1682 rows, 899 columns, 4988 nonzeros
Variable types: 29 continuous, 870 integer (870 binary)

Root relaxation: objective 8.558323e+03, 60 iterations, 0.00 seconds

    Nodes    |    Current Node    |     Objective Bounds      |     Work
 Expl Unexpl |  Obj  Depth IntInf | Incumbent    BestBd   Gap | It/Node Time

     0     0 8558.32258    0   20  618.00000 8558.32258  1285%     -    0s
H    0     0                    1446.0000000 8558.32258   492%     -    0s
     0     0 7316.51613    0   32 1446.00000 7316.51613   406%     -    0s
H    0     0                    3586.0000000 7316.51613   104%     -    0s
     0     0 7295.00000    0   32 3586.00000 7295.00000   103%     -    0s
     0     0 7295.00000    0   32 3586.00000 7295.00000   103%     -    0s
     0     0 6775.00000    0   24 3586.00000 6775.00000  88.9%     -    0s
H    0     0                    3670.0000000 6775.00000  84.6%     -    0s
H    0     0                    4106.0000000 6775.00000  65.0%     -    0s
     0     0 6775.00000    0   24 4106.00000 6775.00000  65.0%     -    0s
H    0     0                    5658.0000000 6775.00000  19.7%     -    0s
     0     0 6775.00000    0   20 5658.00000 6775.00000  19.7%     -    0s
     0     0 6775.00000    0   22 5658.00000 6775.00000  19.7%     -    0s
H    0     0                    6063.0000000 6775.00000  11.7%     -    0s
     0     0 6775.00000    0   29 6063.00000 6775.00000  11.7%     -    0s
     0     0 6775.00000    0   20 6063.00000 6775.00000  11.7%     -    0s
     0     0 6775.00000    0   29 6063.00000 6775.00000  11.7%     -    0s
     0     0 6775.00000    0   35 6063.00000 6775.00000  11.7%     -    0s
     0     0 6775.00000    0   35 6063.00000 6775.00000  11.7%     -    0s
     0     0 6775.00000    0   24 6063.00000 6775.00000  11.7%     -    0s
     0     0 6775.00000    0   20 6063.00000 6775.00000  11.7%     -    0s
     0     0 6751.70485    0   25 6063.00000 6751.70485  11.4%     -    0s
     0     0 6747.72031    0   25 6063.00000 6747.72031  11.3%     -    0s
     0     0 6747.72031    0   25 6063.00000 6747.72031  11.3%     -    0s
     0     0 6747.72031    0   25 6063.00000 6747.72031  11.3%     -    0s
     0     0 6747.72031    0   25 6063.00000 6747.72031  11.3%     -    0s
     0     0 6747.72031    0   25 6063.00000 6747.72031  11.3%     -    0s
     0     0 6747.72031    0   25 6063.00000 6747.72031  11.3%     -    0s
     0     2 6747.72031    0   25 6063.00000 6747.72031  11.3%     -    0s
H  185    63                    6166.0000000 6609.25000  7.19%   3.5    0s
H  231    46                    6183.0000000 6481.45000  4.83%   3.8    0s

Cutting planes:
  Learned: 12
  Gomory: 4
  Implied bound: 12
  Clique: 2
  MIR: 13
  Inf proof: 4
  Zero half: 2

Explored 387 nodes (2248 simplex iterations) in 0.76 seconds
Thread count was 4 (of 4 available processors)

Solution count 9: 6183 6166 6063 ... 618

Optimal solution found (tolerance 1.00e-04)
Best objective 6.183000000000e+03, best bound 6.183000000000e+03, gap 0.0000%
Optimize a model with 4148 rows, 987 columns and 12442 nonzeros
Variable types: 0 continuous, 987 integer (987 binary)
Coefficient statistics:
  Matrix range     [1e+00, 1e+00]
  Objective range  [1e+02, 5e+03]
  Bounds range     [1e+00, 1e+00]
  RHS range        [1e+00, 1e+00]
Found heuristic solution: objective 618.0000000
Presolve removed 30 rows and 30 columns
Presolve time: 0.04s
Presolved: 4118 rows, 957 columns, 13195 nonzeros
Variable types: 0 continuous, 957 integer (957 binary)

Root relaxation: objective 6.663811e+03, 131 iterations, 0.01 seconds

    Nodes    |    Current Node    |     Objective Bounds      |     Work
 Expl Unexpl |  Obj  Depth IntInf | Incumbent    BestBd   Gap | It/Node Time

     0     0 6663.81111    0   86  618.00000 6663.81111   978%     -    0s
H    0     0                    1938.0000000 6663.81111   244%     -    0s
H    0     0                    2852.0000000 6663.81111   134%     -    0s
H    0     0                    3281.0000000 6663.81111   103%     -    0s
     0     0 6481.64286    0   90 3281.00000 6481.64286  97.6%     -    0s
     0     0 6481.64286    0   90 3281.00000 6481.64286  97.6%     -    0s
H    0     0                    3392.0000000 6481.64286  91.1%     -    0s
     0     0 6426.33333    0   81 3392.00000 6426.33333  89.5%     -    0s
     0     0 6424.57143    0   78 3392.00000 6424.57143  89.4%     -    0s
     0     0 6424.48962    0   78 3392.00000 6424.48962  89.4%     -    0s
H    0     0                    3399.0000000 6424.48962  89.0%     -    0s
     0     0 6423.94000    0   77 3399.00000 6423.94000  89.0%     -    0s
     0     0 6423.89189    0   77 3399.00000 6423.89189  89.0%     -    0s
H    0     0                    3436.0000000 6423.89189  87.0%     -    0s
     0     0 6422.40000    0   91 3436.00000 6422.40000  86.9%     -    0s
     0     0 6418.33333    0   88 3436.00000 6418.33333  86.8%     -    0s
     0     0 6418.33333    0   88 3436.00000 6418.33333  86.8%     -    0s
H    0     0                    3477.0000000 6418.33333  84.6%     -    0s
H    0     0                    3779.0000000 6418.33333  69.8%     -    0s
H    0     0                    4035.0000000 6418.33333  59.1%     -    0s
     0     0 6416.87500    0   88 4035.00000 6416.87500  59.0%     -    0s
     0     0 6416.87500    0   90 4035.00000 6416.87500  59.0%     -    0s
     0     0 6413.50000    0   67 4035.00000 6413.50000  58.9%     -    0s
     0     0 6413.50000    0   70 4035.00000 6413.50000  58.9%     -    0s
     0     0 6405.16327    0   79 4035.00000 6405.16327  58.7%     -    0s
     0     0 6382.63333    0   79 4035.00000 6382.63333  58.2%     -    0s
     0     0 6382.63333    0   79 4035.00000 6382.63333  58.2%     -    0s
     0     0 6371.72619    0  101 4035.00000 6371.72619  57.9%     -    0s
H    0     0                    4156.0000000 6371.72619  53.3%     -    0s
     0     0 6371.72619    0  101 4156.00000 6371.72619  53.3%     -    0s
     0     0 6364.31786    0  101 4156.00000 6364.31786  53.1%     -    0s
     0     0 6361.65873    0  102 4156.00000 6361.65873  53.1%     -    0s
     0     0 6359.21429    0  101 4156.00000 6359.21429  53.0%     -    0s
     0     0 6358.65179    0  101 4156.00000 6358.65179  53.0%     -    0s
     0     0 6349.50000    0  100 4156.00000 6349.50000  52.8%     -    1s
     0     0 6334.00000    0  100 4156.00000 6334.00000  52.4%     -    1s
     0     0 6279.50000    0  101 4156.00000 6279.50000  51.1%     -    1s
     0     0 6278.50000    0  100 4156.00000 6278.50000  51.1%     -    1s
     0     0 6260.63333    0   93 4156.00000 6260.63333  50.6%     -    1s
     0     0 6260.63333    0   93 4156.00000 6260.63333  50.6%     -    1s
     0     0 6260.63333    0   86 4156.00000 6260.63333  50.6%     -    1s
     0     0 6260.63333    0   83 4156.00000 6260.63333  50.6%     -    1s
     0     0 6260.63333    0   72 4156.00000 6260.63333  50.6%     -    1s
     0     0 6260.63333    0   75 4156.00000 6260.63333  50.6%     -    1s
     0     0 6260.63333    0   85 4156.00000 6260.63333  50.6%     -    1s
     0     0 6260.63333    0   98 4156.00000 6260.63333  50.6%     -    1s
     0     0 6260.63333    0   97 4156.00000 6260.63333  50.6%     -    1s
     0     0 6260.63333    0   98 4156.00000 6260.63333  50.6%     -    1s
     0     0 6260.63333    0   97 4156.00000 6260.63333  50.6%     -    1s
     0     0 6260.63333    0  101 4156.00000 6260.63333  50.6%     -    1s
     0     0 6260.63333    0  100 4156.00000 6260.63333  50.6%     -    1s
     0     0 6260.63333    0  100 4156.00000 6260.63333  50.6%     -    1s
     0     0 6260.63333    0  100 4156.00000 6260.63333  50.6%     -    1s
     0     0 6260.63333    0  103 4156.00000 6260.63333  50.6%     -    1s
     0     0 6260.63333    0  103 4156.00000 6260.63333  50.6%     -    1s
     0     0 6260.63333    0  103 4156.00000 6260.63333  50.6%     -    1s
     0     0 6260.63333    0  101 4156.00000 6260.63333  50.6%     -    1s
     0     2 6260.63333    0  101 4156.00000 6260.63333  50.6%     -    1s
  1109   853 5100.00000   25  131 4156.00000 5606.59443  34.9%   5.7    5s
  3267  1134 4724.27995   39   81 4156.00000 5207.56571  25.3%  22.1   10s
H 6153  1662                    4191.0000000 5014.44099  19.6%  24.6   12s
  8275  2059     cutoff   44      4191.00000 4921.10852  17.4%  25.6   15s
H10021  2314                    4221.0000000 4857.15909  15.1%  25.7   16s
 12726  2496 4586.75253   45  106 4221.00000 4764.95556  12.9%  26.1   20s
 18248  1729 4445.85094   42   74 4221.00000 4550.00000  7.79%  26.8   25s

Cutting planes:
  Gomory: 20
  StrongCG: 1
  Flow cover: 47
  Inf proof: 18
  Zero half: 99

Explored 21372 nodes (557126 simplex iterations) in 27.10 seconds
Thread count was 4 (of 4 available processors)

Solution count 10: 4221 4191 4156 ... 3281

Optimal solution found (tolerance 1.00e-04)
Best objective 4.221000000000e+03, best bound 4.221000000000e+03, gap 0.0000%
Optimize a model with 1741 rows, 930 columns and 5163 nonzeros
Variable types: 30 continuous, 900 integer (900 binary)
Coefficient statistics:
  Matrix range     [1e+00, 3e+01]
  Objective range  [1e+02, 5e+03]
  Bounds range     [1e+00, 3e+01]
  RHS range        [1e+00, 3e+01]
Found heuristic solution: objective 618.0000000
Presolve removed 59 rows and 31 columns
Presolve time: 0.01s
Presolved: 1682 rows, 899 columns, 4988 nonzeros
Variable types: 29 continuous, 870 integer (870 binary)

Root relaxation: objective 8.558323e+03, 60 iterations, 0.00 seconds

    Nodes    |    Current Node    |     Objective Bounds      |     Work
 Expl Unexpl |  Obj  Depth IntInf | Incumbent    BestBd   Gap | It/Node Time

     0     0 8558.32258    0   20  618.00000 8558.32258  1285%     -    0s
H    0     0                    1446.0000000 8558.32258   492%     -    0s
     0     0 7316.51613    0   32 1446.00000 7316.51613   406%     -    0s
H    0     0                    3586.0000000 7316.51613   104%     -    0s
     0     0 7295.00000    0   32 3586.00000 7295.00000   103%     -    0s
     0     0 7295.00000    0   32 3586.00000 7295.00000   103%     -    0s
     0     0 6775.00000    0   24 3586.00000 6775.00000  88.9%     -    0s
H    0     0                    3670.0000000 6775.00000  84.6%     -    0s
H    0     0                    4106.0000000 6775.00000  65.0%     -    0s
     0     0 6775.00000    0   24 4106.00000 6775.00000  65.0%     -    0s
H    0     0                    5658.0000000 6775.00000  19.7%     -    0s
     0     0 6775.00000    0   20 5658.00000 6775.00000  19.7%     -    0s
     0     0 6775.00000    0   22 5658.00000 6775.00000  19.7%     -    0s
H    0     0                    6063.0000000 6775.00000  11.7%     -    0s
     0     0 6775.00000    0   29 6063.00000 6775.00000  11.7%     -    0s
     0     0 6775.00000    0   20 6063.00000 6775.00000  11.7%     -    0s
     0     0 6775.00000    0   29 6063.00000 6775.00000  11.7%     -    0s
     0     0 6775.00000    0   35 6063.00000 6775.00000  11.7%     -    0s
     0     0 6775.00000    0   35 6063.00000 6775.00000  11.7%     -    0s
     0     0 6775.00000    0   24 6063.00000 6775.00000  11.7%     -    0s
     0     0 6775.00000    0   20 6063.00000 6775.00000  11.7%     -    0s
     0     0 6751.70485    0   25 6063.00000 6751.70485  11.4%     -    0s
     0     0 6747.72031    0   25 6063.00000 6747.72031  11.3%     -    0s
     0     0 6747.72031    0   25 6063.00000 6747.72031  11.3%     -    0s
     0     0 6747.72031    0   25 6063.00000 6747.72031  11.3%     -    0s
     0     0 6747.72031    0   25 6063.00000 6747.72031  11.3%     -    0s
     0     0 6747.72031    0   25 6063.00000 6747.72031  11.3%     -    0s
     0     0 6747.72031    0   25 6063.00000 6747.72031  11.3%     -    0s
     0     2 6747.72031    0   25 6063.00000 6747.72031  11.3%     -    0s
H  185    63                    6166.0000000 6609.25000  7.19%   3.5    0s
H  231    46                    6183.0000000 6481.45000  4.83%   3.8    0s

Cutting planes:
  Learned: 12
  Gomory: 4
  Implied bound: 12
  Clique: 2
  MIR: 13
  Inf proof: 4
  Zero half: 2

Explored 387 nodes (2248 simplex iterations) in 0.56 seconds
Thread count was 4 (of 4 available processors)

Solution count 9: 6183 6166 6063 ... 618

Optimal solution found (tolerance 1.00e-04)
Best objective 6.183000000000e+03, best bound 6.183000000000e+03, gap 0.0000%
Optimize a model with 1770 rows, 960 columns and 6004 nonzeros
Variable types: 60 continuous, 900 integer (900 binary)
Coefficient statistics:
  Matrix range     [1e+00, 3e+01]
  Objective range  [1e+02, 5e+03]
  Bounds range     [1e+00, 3e+01]
  RHS range        [1e+00, 3e+01]
Found heuristic solution: objective 5.668200e+34
Presolve removed 1 rows and 30 columns
Presolve time: 0.00s

Explored 0 nodes (0 simplex iterations) in 0.01 seconds
Thread count was 1 (of 4 available processors)

Solution count 1: 5.6682e+34 
No other solutions better than 0

Model is unbounded
Best objective 5.668200000000e+34, best bound -, gap -
Freed default Gurobi environment

Gurobi 8.0.0 (win64, Python) logging started 05/29/18 15:38:28

Academic license - for non-commercial use only
Optimize a model with 1770 rows, 960 columns and 6004 nonzeros
Variable types: 60 continuous, 900 integer (900 binary)
Coefficient statistics:
  Matrix range     [1e+00, 3e+01]
  Objective range  [1e+02, 5e+03]
  Bounds range     [1e+00, 3e+01]
  RHS range        [1e+00, 3e+01]
Found heuristic solution: objective 5.668200e+34
Presolve removed 1 rows and 30 columns
Presolve time: 0.00s

Explored 0 nodes (0 simplex iterations) in 0.01 seconds
Thread count was 1 (of 4 available processors)

Solution count 1: 5.6682e+34 
No other solutions better than 0

Model is unbounded
Best objective 5.668200000000e+34, best bound -, gap -
Optimize a model with 4148 rows, 1017 columns and 12442 nonzeros
Variable types: 30 continuous, 987 integer (987 binary)
Coefficient statistics:
  Matrix range     [1e+00, 1e+00]
  Objective range  [1e+02, 5e+03]
  Bounds range     [1e+00, 1e+00]
  RHS range        [1e+00, 1e+00]
Found heuristic solution: objective 5.668200e+34
Presolve removed 1 rows and 1 columns
Presolve time: 0.00s

Explored 0 nodes (0 simplex iterations) in 0.02 seconds
Thread count was 1 (of 4 available processors)

Solution count 1: 5.6682e+34 
No other solutions better than 0

Model is unbounded
Best objective 5.668200000000e+34, best bound -, gap -
Optimize a model with 1741 rows, 930 columns and 5163 nonzeros
Variable types: 30 continuous, 900 integer (900 binary)
Coefficient statistics:
  Matrix range     [1e+00, 3e+01]
  Objective range  [1e+02, 5e+03]
  Bounds range     [1e+00, 3e+01]
  RHS range        [1e+00, 3e+01]
Found heuristic solution: objective 618.0000000
Presolve removed 59 rows and 31 columns
Presolve time: 0.01s
Presolved: 1682 rows, 899 columns, 4988 nonzeros
Variable types: 29 continuous, 870 integer (870 binary)

Root relaxation: objective 8.558323e+03, 60 iterations, 0.00 seconds

    Nodes    |    Current Node    |     Objective Bounds      |     Work
 Expl Unexpl |  Obj  Depth IntInf | Incumbent    BestBd   Gap | It/Node Time

     0     0 8558.32258    0   20  618.00000 8558.32258  1285%     -    0s
H    0     0                    1446.0000000 8558.32258   492%     -    0s
     0     0 7316.51613    0   32 1446.00000 7316.51613   406%     -    0s
H    0     0                    3586.0000000 7316.51613   104%     -    0s
     0     0 7295.00000    0   32 3586.00000 7295.00000   103%     -    0s
     0     0 7295.00000    0   32 3586.00000 7295.00000   103%     -    0s
     0     0 6775.00000    0   24 3586.00000 6775.00000  88.9%     -    0s
H    0     0                    3670.0000000 6775.00000  84.6%     -    0s
H    0     0                    4106.0000000 6775.00000  65.0%     -    0s
     0     0 6775.00000    0   24 4106.00000 6775.00000  65.0%     -    0s
H    0     0                    5658.0000000 6775.00000  19.7%     -    0s
     0     0 6775.00000    0   20 5658.00000 6775.00000  19.7%     -    0s
     0     0 6775.00000    0   22 5658.00000 6775.00000  19.7%     -    0s
H    0     0                    6063.0000000 6775.00000  11.7%     -    0s
     0     0 6775.00000    0   29 6063.00000 6775.00000  11.7%     -    0s
     0     0 6775.00000    0   20 6063.00000 6775.00000  11.7%     -    0s
     0     0 6775.00000    0   29 6063.00000 6775.00000  11.7%     -    0s
     0     0 6775.00000    0   35 6063.00000 6775.00000  11.7%     -    0s
     0     0 6775.00000    0   35 6063.00000 6775.00000  11.7%     -    0s
     0     0 6775.00000    0   24 6063.00000 6775.00000  11.7%     -    0s
     0     0 6775.00000    0   20 6063.00000 6775.00000  11.7%     -    0s
     0     0 6751.70485    0   25 6063.00000 6751.70485  11.4%     -    0s
     0     0 6747.72031    0   25 6063.00000 6747.72031  11.3%     -    0s
     0     0 6747.72031    0   25 6063.00000 6747.72031  11.3%     -    0s
     0     0 6747.72031    0   25 6063.00000 6747.72031  11.3%     -    0s
     0     0 6747.72031    0   25 6063.00000 6747.72031  11.3%     -    0s
     0     0 6747.72031    0   25 6063.00000 6747.72031  11.3%     -    0s
     0     0 6747.72031    0   25 6063.00000 6747.72031  11.3%     -    0s
     0     2 6747.72031    0   25 6063.00000 6747.72031  11.3%     -    0s
H  185    63                    6166.0000000 6609.25000  7.19%   3.5    0s
H  231    46                    6183.0000000 6481.45000  4.83%   3.8    0s

Cutting planes:
  Learned: 12
  Gomory: 4
  Implied bound: 12
  Clique: 2
  MIR: 13
  Inf proof: 4
  Zero half: 2

Explored 387 nodes (2248 simplex iterations) in 0.86 seconds
Thread count was 4 (of 4 available processors)

Solution count 9: 6183 6166 6063 ... 618

Optimal solution found (tolerance 1.00e-04)
Best objective 6.183000000000e+03, best bound 6.183000000000e+03, gap 0.0000%
Optimize a model with 1741 rows, 960 columns and 5163 nonzeros
Variable types: 60 continuous, 900 integer (900 binary)
Coefficient statistics:
  Matrix range     [1e+00, 3e+01]
  Objective range  [1e+02, 5e+03]
  Bounds range     [1e+00, 3e+01]
  RHS range        [1e+00, 3e+01]
Found heuristic solution: objective 5.668200e+34
Presolve removed 1 rows and 30 columns
Presolve time: 0.00s

Explored 0 nodes (0 simplex iterations) in 0.01 seconds
Thread count was 1 (of 4 available processors)

Solution count 1: 5.6682e+34 
No other solutions better than 0

Model is unbounded
Best objective 5.668200000000e+34, best bound -, gap -
Warning: linear constraint 1741 and linear constraint 1742 have the same name "Perc"
Optimize a model with 1743 rows, 960 columns and 5223 nonzeros
Variable types: 60 continuous, 900 integer (900 binary)
Coefficient statistics:
  Matrix range     [1e+00, 3e+03]
  Objective range  [1e+02, 5e+03]
  Bounds range     [1e+00, 3e+01]
  RHS range        [1e+00, 5e+04]

MIP start did not produce a new incumbent solution
MIP start violates constraint Perc by 46349.700000000

Presolve removed 0 rows and 29 columns
Presolve time: 0.00s

Explored 0 nodes (0 simplex iterations) in 0.02 seconds
Thread count was 1 (of 4 available processors)

Solution count 0

Model is infeasible or unbounded
Best objective -, best bound -, gap -
Freed default Gurobi environment

Gurobi 8.0.0 (win64, Python) logging started 05/29/18 15:53:12

Academic license - for non-commercial use only
Optimize a model with 1770 rows, 930 columns and 6004 nonzeros
Variable types: 30 continuous, 900 integer (900 binary)
Coefficient statistics:
  Matrix range     [1e+00, 3e+01]
  Objective range  [1e+02, 5e+03]
  Bounds range     [1e+00, 3e+01]
  RHS range        [1e+00, 3e+01]
Found heuristic solution: objective 618.0000000
Presolve removed 88 rows and 31 columns
Presolve time: 0.01s
Presolved: 1682 rows, 899 columns, 4988 nonzeros
Variable types: 29 continuous, 870 integer (870 binary)

Root relaxation: objective 8.558323e+03, 60 iterations, 0.00 seconds

    Nodes    |    Current Node    |     Objective Bounds      |     Work
 Expl Unexpl |  Obj  Depth IntInf | Incumbent    BestBd   Gap | It/Node Time

     0     0 8558.32258    0   20  618.00000 8558.32258  1285%     -    0s
H    0     0                    1446.0000000 8558.32258   492%     -    0s
     0     0 7316.51613    0   32 1446.00000 7316.51613   406%     -    0s
H    0     0                    3586.0000000 7316.51613   104%     -    0s
     0     0 7295.00000    0   32 3586.00000 7295.00000   103%     -    0s
     0     0 7295.00000    0   32 3586.00000 7295.00000   103%     -    0s
     0     0 6775.00000    0   24 3586.00000 6775.00000  88.9%     -    0s
H    0     0                    3670.0000000 6775.00000  84.6%     -    0s
H    0     0                    4106.0000000 6775.00000  65.0%     -    0s
     0     0 6775.00000    0   24 4106.00000 6775.00000  65.0%     -    0s
H    0     0                    5658.0000000 6775.00000  19.7%     -    0s
     0     0 6775.00000    0   20 5658.00000 6775.00000  19.7%     -    0s
     0     0 6775.00000    0   22 5658.00000 6775.00000  19.7%     -    0s
H    0     0                    6063.0000000 6775.00000  11.7%     -    0s
     0     0 6775.00000    0   29 6063.00000 6775.00000  11.7%     -    0s
     0     0 6775.00000    0   20 6063.00000 6775.00000  11.7%     -    0s
     0     0 6775.00000    0   29 6063.00000 6775.00000  11.7%     -    0s
     0     0 6775.00000    0   35 6063.00000 6775.00000  11.7%     -    0s
     0     0 6775.00000    0   35 6063.00000 6775.00000  11.7%     -    0s
     0     0 6775.00000    0   24 6063.00000 6775.00000  11.7%     -    0s
     0     0 6775.00000    0   20 6063.00000 6775.00000  11.7%     -    0s
     0     0 6751.70485    0   25 6063.00000 6751.70485  11.4%     -    0s
     0     0 6747.72031    0   25 6063.00000 6747.72031  11.3%     -    0s
     0     0 6747.72031    0   25 6063.00000 6747.72031  11.3%     -    0s
     0     0 6747.72031    0   25 6063.00000 6747.72031  11.3%     -    0s
     0     0 6747.72031    0   25 6063.00000 6747.72031  11.3%     -    0s
     0     0 6747.72031    0   25 6063.00000 6747.72031  11.3%     -    0s
     0     0 6747.72031    0   25 6063.00000 6747.72031  11.3%     -    0s
     0     2 6747.72031    0   25 6063.00000 6747.72031  11.3%     -    0s
H  185    63                    6166.0000000 6609.25000  7.19%   3.5    0s
H  231    46                    6183.0000000 6481.45000  4.83%   3.8    0s

Cutting planes:
  Learned: 12
  Gomory: 4
  Implied bound: 12
  Clique: 2
  MIR: 13
  Inf proof: 4
  Zero half: 2

Explored 387 nodes (2248 simplex iterations) in 0.82 seconds
Thread count was 4 (of 4 available processors)

Solution count 9: 6183 6166 6063 ... 618

Optimal solution found (tolerance 1.00e-04)
Best objective 6.183000000000e+03, best bound 6.183000000000e+03, gap 0.0000%
Optimize a model with 4148 rows, 987 columns and 12442 nonzeros
Variable types: 0 continuous, 987 integer (987 binary)
Coefficient statistics:
  Matrix range     [1e+00, 1e+00]
  Objective range  [1e+02, 5e+03]
  Bounds range     [1e+00, 1e+00]
  RHS range        [1e+00, 1e+00]
Found heuristic solution: objective 618.0000000
Presolve removed 30 rows and 30 columns
Presolve time: 0.04s
Presolved: 4118 rows, 957 columns, 13195 nonzeros
Variable types: 0 continuous, 957 integer (957 binary)

Root relaxation: objective 6.663811e+03, 131 iterations, 0.01 seconds

    Nodes    |    Current Node    |     Objective Bounds      |     Work
 Expl Unexpl |  Obj  Depth IntInf | Incumbent    BestBd   Gap | It/Node Time

     0     0 6663.81111    0   86  618.00000 6663.81111   978%     -    0s
H    0     0                    1938.0000000 6663.81111   244%     -    0s
H    0     0                    2852.0000000 6663.81111   134%     -    0s
H    0     0                    3281.0000000 6663.81111   103%     -    0s
     0     0 6481.64286    0   90 3281.00000 6481.64286  97.6%     -    0s
     0     0 6481.64286    0   90 3281.00000 6481.64286  97.6%     -    0s
H    0     0                    3392.0000000 6481.64286  91.1%     -    0s
     0     0 6426.33333    0   81 3392.00000 6426.33333  89.5%     -    0s
     0     0 6424.57143    0   78 3392.00000 6424.57143  89.4%     -    0s
     0     0 6424.48962    0   78 3392.00000 6424.48962  89.4%     -    0s
H    0     0                    3399.0000000 6424.48962  89.0%     -    0s
     0     0 6423.94000    0   77 3399.00000 6423.94000  89.0%     -    0s
     0     0 6423.89189    0   77 3399.00000 6423.89189  89.0%     -    0s
H    0     0                    3436.0000000 6423.89189  87.0%     -    0s
     0     0 6422.40000    0   91 3436.00000 6422.40000  86.9%     -    0s
     0     0 6418.33333    0   88 3436.00000 6418.33333  86.8%     -    0s
     0     0 6418.33333    0   88 3436.00000 6418.33333  86.8%     -    0s
H    0     0                    3477.0000000 6418.33333  84.6%     -    0s
H    0     0                    3779.0000000 6418.33333  69.8%     -    0s
H    0     0                    4035.0000000 6418.33333  59.1%     -    0s
     0     0 6416.87500    0   88 4035.00000 6416.87500  59.0%     -    0s
     0     0 6416.87500    0   90 4035.00000 6416.87500  59.0%     -    0s
     0     0 6413.50000    0   67 4035.00000 6413.50000  58.9%     -    0s
     0     0 6413.50000    0   70 4035.00000 6413.50000  58.9%     -    0s
     0     0 6405.16327    0   79 4035.00000 6405.16327  58.7%     -    0s
     0     0 6382.63333    0   79 4035.00000 6382.63333  58.2%     -    0s
     0     0 6382.63333    0   79 4035.00000 6382.63333  58.2%     -    0s
     0     0 6371.72619    0  101 4035.00000 6371.72619  57.9%     -    1s
H    0     0                    4156.0000000 6371.72619  53.3%     -    1s
     0     0 6371.72619    0  101 4156.00000 6371.72619  53.3%     -    1s
     0     0 6364.31786    0  101 4156.00000 6364.31786  53.1%     -    1s
     0     0 6361.65873    0  102 4156.00000 6361.65873  53.1%     -    1s
     0     0 6359.21429    0  101 4156.00000 6359.21429  53.0%     -    1s
     0     0 6358.65179    0  101 4156.00000 6358.65179  53.0%     -    1s
     0     0 6349.50000    0  100 4156.00000 6349.50000  52.8%     -    1s
     0     0 6334.00000    0  100 4156.00000 6334.00000  52.4%     -    1s
     0     0 6279.50000    0  101 4156.00000 6279.50000  51.1%     -    1s
     0     0 6278.50000    0  100 4156.00000 6278.50000  51.1%     -    1s
     0     0 6260.63333    0   93 4156.00000 6260.63333  50.6%     -    1s
     0     0 6260.63333    0   93 4156.00000 6260.63333  50.6%     -    1s
     0     0 6260.63333    0   86 4156.00000 6260.63333  50.6%     -    1s
     0     0 6260.63333    0   83 4156.00000 6260.63333  50.6%     -    1s
     0     0 6260.63333    0   72 4156.00000 6260.63333  50.6%     -    1s
     0     0 6260.63333    0   75 4156.00000 6260.63333  50.6%     -    1s
     0     0 6260.63333    0   85 4156.00000 6260.63333  50.6%     -    1s
     0     0 6260.63333    0   98 4156.00000 6260.63333  50.6%     -    1s
     0     0 6260.63333    0   97 4156.00000 6260.63333  50.6%     -    1s
     0     0 6260.63333    0   98 4156.00000 6260.63333  50.6%     -    1s
     0     0 6260.63333    0   97 4156.00000 6260.63333  50.6%     -    1s
     0     0 6260.63333    0  101 4156.00000 6260.63333  50.6%     -    1s
     0     0 6260.63333    0  100 4156.00000 6260.63333  50.6%     -    1s
     0     0 6260.63333    0  100 4156.00000 6260.63333  50.6%     -    1s
     0     0 6260.63333    0  100 4156.00000 6260.63333  50.6%     -    1s
     0     0 6260.63333    0  103 4156.00000 6260.63333  50.6%     -    1s
     0     0 6260.63333    0  103 4156.00000 6260.63333  50.6%     -    1s
     0     0 6260.63333    0  103 4156.00000 6260.63333  50.6%     -    1s
     0     0 6260.63333    0  101 4156.00000 6260.63333  50.6%     -    1s
     0     2 6260.63333    0  101 4156.00000 6260.63333  50.6%     -    2s
  1109   853 5100.00000   25  131 4156.00000 5606.59443  34.9%   5.7    5s
  3437  1119     cutoff   43      4156.00000 5202.50000  25.2%  22.3   10s
H 6153  1662                    4191.0000000 5014.44099  19.6%  24.6   12s
  8869  2181 4627.50000   38   70 4191.00000 4900.36364  16.9%  25.8   15s
H10021  2314                    4221.0000000 4857.15909  15.1%  25.7   16s
 13063  2462 4284.17166   48   88 4221.00000 4752.16377  12.6%  26.2   20s
 19768  1100     cutoff   48      4221.00000 4457.21558  5.60%  26.7   25s

Cutting planes:
  Gomory: 20
  StrongCG: 1
  Flow cover: 47
  Inf proof: 18
  Zero half: 99

Explored 21372 nodes (557126 simplex iterations) in 25.82 seconds
Thread count was 4 (of 4 available processors)

Solution count 10: 4221 4191 4156 ... 3281

Optimal solution found (tolerance 1.00e-04)
Best objective 4.221000000000e+03, best bound 4.221000000000e+03, gap 0.0000%
Optimize a model with 1741 rows, 930 columns and 5163 nonzeros
Variable types: 30 continuous, 900 integer (900 binary)
Coefficient statistics:
  Matrix range     [1e+00, 3e+01]
  Objective range  [1e+02, 5e+03]
  Bounds range     [1e+00, 3e+01]
  RHS range        [1e+00, 3e+01]
Found heuristic solution: objective 618.0000000
Presolve removed 59 rows and 31 columns
Presolve time: 0.01s
Presolved: 1682 rows, 899 columns, 4988 nonzeros
Variable types: 29 continuous, 870 integer (870 binary)

Root relaxation: objective 8.558323e+03, 60 iterations, 0.00 seconds

    Nodes    |    Current Node    |     Objective Bounds      |     Work
 Expl Unexpl |  Obj  Depth IntInf | Incumbent    BestBd   Gap | It/Node Time

     0     0 8558.32258    0   20  618.00000 8558.32258  1285%     -    0s
H    0     0                    1446.0000000 8558.32258   492%     -    0s
     0     0 7316.51613    0   32 1446.00000 7316.51613   406%     -    0s
H    0     0                    3586.0000000 7316.51613   104%     -    0s
     0     0 7295.00000    0   32 3586.00000 7295.00000   103%     -    0s
     0     0 7295.00000    0   32 3586.00000 7295.00000   103%     -    0s
     0     0 6775.00000    0   24 3586.00000 6775.00000  88.9%     -    0s
H    0     0                    3670.0000000 6775.00000  84.6%     -    0s
H    0     0                    4106.0000000 6775.00000  65.0%     -    0s
     0     0 6775.00000    0   24 4106.00000 6775.00000  65.0%     -    0s
H    0     0                    5658.0000000 6775.00000  19.7%     -    0s
     0     0 6775.00000    0   20 5658.00000 6775.00000  19.7%     -    0s
     0     0 6775.00000    0   22 5658.00000 6775.00000  19.7%     -    0s
H    0     0                    6063.0000000 6775.00000  11.7%     -    0s
     0     0 6775.00000    0   29 6063.00000 6775.00000  11.7%     -    0s
     0     0 6775.00000    0   20 6063.00000 6775.00000  11.7%     -    0s
     0     0 6775.00000    0   29 6063.00000 6775.00000  11.7%     -    0s
     0     0 6775.00000    0   35 6063.00000 6775.00000  11.7%     -    0s
     0     0 6775.00000    0   35 6063.00000 6775.00000  11.7%     -    0s
     0     0 6775.00000    0   24 6063.00000 6775.00000  11.7%     -    0s
     0     0 6775.00000    0   20 6063.00000 6775.00000  11.7%     -    0s
     0     0 6751.70485    0   25 6063.00000 6751.70485  11.4%     -    0s
     0     0 6747.72031    0   25 6063.00000 6747.72031  11.3%     -    0s
     0     0 6747.72031    0   25 6063.00000 6747.72031  11.3%     -    0s
     0     0 6747.72031    0   25 6063.00000 6747.72031  11.3%     -    0s
     0     0 6747.72031    0   25 6063.00000 6747.72031  11.3%     -    0s
     0     0 6747.72031    0   25 6063.00000 6747.72031  11.3%     -    0s
     0     0 6747.72031    0   25 6063.00000 6747.72031  11.3%     -    0s
     0     2 6747.72031    0   25 6063.00000 6747.72031  11.3%     -    0s
H  185    63                    6166.0000000 6609.25000  7.19%   3.5    0s
H  231    46                    6183.0000000 6481.45000  4.83%   3.8    0s

Cutting planes:
  Learned: 12
  Gomory: 4
  Implied bound: 12
  Clique: 2
  MIR: 13
  Inf proof: 4
  Zero half: 2

Explored 387 nodes (2248 simplex iterations) in 0.75 seconds
Thread count was 4 (of 4 available processors)

Solution count 9: 6183 6166 6063 ... 618

Optimal solution found (tolerance 1.00e-04)
Best objective 6.183000000000e+03, best bound 6.183000000000e+03, gap 0.0000%
Optimize a model with 1742 rows, 930 columns and 5193 nonzeros
Variable types: 30 continuous, 900 integer (900 binary)
Coefficient statistics:
  Matrix range     [1e+00, 3e+03]
  Objective range  [1e+02, 5e+03]
  Bounds range     [1e+00, 3e+01]
  RHS range        [1e+00, 5e+04]

MIP start did not produce a new incumbent solution
MIP start violates constraint Perc by 4058.700000000

Presolve removed 59 rows and 31 columns
Presolve time: 0.01s
Presolved: 1683 rows, 899 columns, 5017 nonzeros
Variable types: 29 continuous, 870 integer (870 binary)
Found heuristic solution: objective -35248.00000

Root relaxation: objective 8.558323e+03, 60 iterations, 0.00 seconds

    Nodes    |    Current Node    |     Objective Bounds      |     Work
 Expl Unexpl |  Obj  Depth IntInf | Incumbent    BestBd   Gap | It/Node Time

     0     0 8558.32258    0   20 -35248.000 8558.32258   124%     -    0s
H    0     0                    -3774.000000 8558.32258   327%     -    0s
H    0     0                    1925.0000000 8558.32258   345%     -    0s
     0     0 7245.66688    0   38 1925.00000 7245.66688   276%     -    0s
H    0     0                    5223.0000000 7245.66688  38.7%     -    0s
H    0     0                    5804.0000000 7245.66688  24.8%     -    0s
     0     0 7206.19658    0   39 5804.00000 7206.19658  24.2%     -    0s
     0     0 7206.19658    0   39 5804.00000 7206.19658  24.2%     -    0s
     0     0 6735.96046    0   32 5804.00000 6735.96046  16.1%     -    0s
     0     0 6735.96046    0   20 5804.00000 6735.96046  16.1%     -    0s
     0     0 6735.96046    0   35 5804.00000 6735.96046  16.1%     -    0s
     0     0 6735.96046    0   34 5804.00000 6735.96046  16.1%     -    0s
     0     0 6734.33333    0   34 5804.00000 6734.33333  16.0%     -    0s
     0     0 6690.48968    0   32 5804.00000 6690.48968  15.3%     -    0s
H    0     0                    5982.0000000 6690.48968  11.8%     -    0s
     0     0 6688.18968    0   32 5982.00000 6688.18968  11.8%     -    0s
     0     0 6687.58968    0   39 5982.00000 6687.58968  11.8%     -    0s
     0     0 6647.61321    0   25 5982.00000 6647.61321  11.1%     -    0s
     0     0 6647.24176    0   23 5982.00000 6647.24176  11.1%     -    0s
     0     0 6637.57509    0   23 5982.00000 6637.57509  11.0%     -    0s
     0     0 6637.57509    0   23 5982.00000 6637.57509  11.0%     -    0s
     0     0 6637.57509    0   23 5982.00000 6637.57509  11.0%     -    0s
     0     0 6637.57509    0   20 5982.00000 6637.57509  11.0%     -    0s
     0     0 6637.57509    0   35 5982.00000 6637.57509  11.0%     -    0s
     0     0 6637.57509    0   34 5982.00000 6637.57509  11.0%     -    0s
     0     0 6637.57509    0   18 5982.00000 6637.57509  11.0%     -    0s
     0     0 6637.57509    0   23 5982.00000 6637.57509  11.0%     -    0s
     0     0 6637.53333    0   23 5982.00000 6637.53333  11.0%     -    0s
     0     0 6637.53333    0   23 5982.00000 6637.53333  11.0%     -    0s
     0     0 6637.49064    0   23 5982.00000 6637.49064  11.0%     -    0s
     0     0 6637.49064    0   23 5982.00000 6637.49064  11.0%     -    0s
     0     0 6637.49064    0   23 5982.00000 6637.49064  11.0%     -    0s
     0     0 6637.49064    0   23 5982.00000 6637.49064  11.0%     -    0s
     0     2 6637.49064    0   23 5982.00000 6637.49064  11.0%     -    0s
H  279    58                    6008.0000000 6428.57759  7.00%   4.4    0s
H  614    53                    6098.0000000 6230.26667  2.17%   4.4    0s
*  757     0              13    6115.0000000 6206.80000  1.50%   4.4    0s

Cutting planes:
  Learned: 17
  Gomory: 7
  Cover: 2
  Implied bound: 9
  MIR: 14
  Inf proof: 6

Explored 832 nodes (4299 simplex iterations) in 0.75 seconds
Thread count was 4 (of 4 available processors)

Solution count 9: 6115 6098 6008 ... -35248

Optimal solution found (tolerance 1.00e-04)
Best objective 6.115000000000e+03, best bound 6.115000000000e+03, gap 0.0000%

Gurobi 8.0.0 (win64, Python) logging started 05/29/18 16:06:47

Academic license - for non-commercial use only
Optimize a model with 878 rows, 625 columns and 3408 nonzeros
Variable types: 25 continuous, 600 integer (600 binary)
Coefficient statistics:
  Matrix range     [1e+00, 6e+02]
  Objective range  [5e+02, 6e+03]
  Bounds range     [1e+00, 6e+02]
  RHS range        [1e+00, 6e+02]
Presolve removed 0 rows and 1 columns
Presolve time: 0.01s
Presolved: 878 rows, 624 columns, 3408 nonzeros
Variable types: 24 continuous, 600 integer (600 binary)

Root relaxation: objective 3.101560e+04, 127 iterations, 0.00 seconds

    Nodes    |    Current Node    |     Objective Bounds      |     Work
 Expl Unexpl |  Obj  Depth IntInf | Incumbent    BestBd   Gap | It/Node Time

     0     0 31015.6017    0   14          - 31015.6017      -     -    0s
H    0     0                    65751.000000 31015.6017  52.8%     -    0s
H    0     0                    63949.000000 31015.6017  51.5%     -    0s
H    0     0                    39764.000000 31015.6017  22.0%     -    0s
H    0     0                    39305.000000 31015.6017  21.1%     -    0s
     0     0 31100.1175    0   19 39305.0000 31100.1175  20.9%     -    0s
H    0     0                    35689.000000 31100.1175  12.9%     -    0s
H    0     0                    33667.000000 31100.1175  7.62%     -    0s
     0     0 31100.1175    0   19 33667.0000 31100.1175  7.62%     -    0s
     0     0 31164.1175    0   19 33667.0000 31164.1175  7.43%     -    0s
     0     0 31164.1175    0   14 33667.0000 31164.1175  7.43%     -    0s
     0     0 31164.1175    0   19 33667.0000 31164.1175  7.43%     -    0s
H    0     0                    33203.000000 31164.1175  6.14%     -    0s
     0     0 31164.1175    0   19 33203.0000 31164.1175  6.14%     -    0s
     0     0 31164.1175    0   19 33203.0000 31164.1175  6.14%     -    0s
H    0     0                    32691.000000 31164.1175  4.67%     -    0s
     0     0 31164.1175    0   19 32691.0000 31164.1175  4.67%     -    0s
     0     0 31164.1175    0   14 32691.0000 31164.1175  4.67%     -    0s
     0     0 31164.1177    0   19 32691.0000 31164.1177  4.67%     -    0s
H    0     0                    32535.000000 31164.1177  4.21%     -    0s
     0     0 31164.1177    0   19 32535.0000 31164.1177  4.21%     -    0s
     0     0 31164.1177    0   19 32535.0000 31164.1177  4.21%     -    0s
     0     2 31164.1177    0   19 32535.0000 31164.1177  4.21%     -    0s
H  159    78                    32520.000000 31222.5000  3.99%   5.1    0s
H  257    96                    32266.000000 31414.1733  2.64%   5.3    0s
*  336    99              15    32172.000000 31449.5906  2.25%   5.6    0s
*  452    79              11    32040.000000 31563.8765  1.49%   6.2    0s
*  529    38              14    32013.000000 31591.4441  1.32%   6.6    0s
*  539    36              13    31978.000000 31655.9560  1.01%   6.7    0s

Cutting planes:
  Gomory: 1
  Cover: 1
  Implied bound: 18
  MIR: 4
  Inf proof: 4

Explored 626 nodes (4662 simplex iterations) in 0.76 seconds
Thread count was 4 (of 4 available processors)

Solution count 10: 31978 32013 32040 ... 33667

Optimal solution found (tolerance 1.00e-04)
Best objective 3.197800000000e+04, best bound 3.197800000000e+04, gap 0.0000%
Freed default Gurobi environment

Gurobi 8.0.0 (win64, Python) logging started 05/29/18 16:09:52

Academic license - for non-commercial use only
Optimize a model with 878 rows, 625 columns and 3408 nonzeros
Variable types: 25 continuous, 600 integer (600 binary)
Coefficient statistics:
  Matrix range     [1e+00, 3e+01]
  Objective range  [5e+02, 6e+03]
  Bounds range     [1e+00, 3e+01]
  RHS range        [1e+00, 3e+01]
Presolve removed 0 rows and 1 columns
Presolve time: 0.01s
Presolved: 878 rows, 624 columns, 3408 nonzeros
Variable types: 24 continuous, 600 integer (600 binary)
Found heuristic solution: objective 75418.000000
Found heuristic solution: objective 72824.000000

Root relaxation: objective 2.776931e+04, 139 iterations, 0.00 seconds

    Nodes    |    Current Node    |     Objective Bounds      |     Work
 Expl Unexpl |  Obj  Depth IntInf | Incumbent    BestBd   Gap | It/Node Time

     0     0 27769.3103    0   14 72824.0000 27769.3103  61.9%     -    0s
H    0     0                    33105.000000 27769.3103  16.1%     -    0s
     0     0 27870.5000    0   14 33105.0000 27870.5000  15.8%     -    0s
H    0     0                    29745.000000 27870.5000  6.30%     -    0s
     0     0 27870.5000    0   14 29745.0000 27870.5000  6.30%     -    0s
     0     0 27979.0000    0   12 29745.0000 27979.0000  5.94%     -    0s
     0     0 27979.0000    0   14 29745.0000 27979.0000  5.94%     -    0s
     0     0 27979.0000    0   14 29745.0000 27979.0000  5.94%     -    0s
     0     0 27979.0000    0   12 29745.0000 27979.0000  5.94%     -    0s
     0     0 27979.0000    0   12 29745.0000 27979.0000  5.94%     -    0s
     0     0 28010.5833    0   22 29745.0000 28010.5833  5.83%     -    0s
H    0     0                    29514.000000 28010.5833  5.09%     -    0s
H    0     0                    29417.000000 28010.5833  4.78%     -    0s
     0     0 28010.5833    0   22 29417.0000 28010.5833  4.78%     -    0s
H    0     0                    29397.000000 28010.5833  4.72%     -    0s
     0     0 28025.1667    0   26 29397.0000 28025.1667  4.67%     -    0s
H    0     0                    29238.000000 28025.1667  4.15%     -    0s
     0     0 28025.1667    0   26 29238.0000 28025.1667  4.15%     -    0s
     0     0 28051.5000    0   22 29238.0000 28051.5000  4.06%     -    0s
     0     0 28051.5000    0   14 29238.0000 28051.5000  4.06%     -    0s
     0     0 28051.5000    0   14 29238.0000 28051.5000  4.06%     -    0s
     0     0 28051.5000    0   18 29238.0000 28051.5000  4.06%     -    0s
     0     0 28051.5000    0   22 29238.0000 28051.5000  4.06%     -    0s
     0     0 28051.5000    0   22 29238.0000 28051.5000  4.06%     -    0s
     0     0 28084.8333    0   27 29238.0000 28084.8333  3.94%     -    0s
H    0     0                    28381.000000 28084.8333  1.04%     -    0s
     0     0 28107.1071    0   25 28381.0000 28107.1071  0.97%     -    0s
     0     0 28107.1071    0   11 28381.0000 28107.1071  0.97%     -    0s
     0     0 28107.1071    0   14 28381.0000 28107.1071  0.97%     -    1s
H    0     0                    28333.000000 28107.1071  0.80%     -    1s
     0     0 28113.2857    0   11 28333.0000 28113.2857  0.78%     -    1s
     0     0 28127.2491    0   17 28333.0000 28127.2491  0.73%     -    1s
     0     0 28155.4029    0   21 28333.0000 28155.4029  0.63%     -    1s
     0     0 28155.4029    0   21 28333.0000 28155.4029  0.63%     -    1s
     0     0 28160.3556    0   22 28333.0000 28160.3556  0.61%     -    1s
     0     0 28177.7143    0   22 28333.0000 28177.7143  0.55%     -    1s
     0     0 28215.9286    0   22 28333.0000 28215.9286  0.41%     -    1s
     0     0 28301.7619    0   22 28333.0000 28301.7619  0.11%     -    1s
     0     0 28301.7619    0   18 28333.0000 28301.7619  0.11%     -    1s
     0     0 28301.7619    0   18 28333.0000 28301.7619  0.11%     -    1s
     0     0 28301.7619    0   14 28333.0000 28301.7619  0.11%     -    1s
     0     0 28301.7619    0   14 28333.0000 28301.7619  0.11%     -    1s
     0     0 28301.7619    0   11 28333.0000 28301.7619  0.11%     -    1s
     0     0 28301.7619    0   11 28333.0000 28301.7619  0.11%     -    1s

Cutting planes:
  Gomory: 2
  MIR: 5
  Zero half: 1

Explored 1 nodes (697 simplex iterations) in 1.19 seconds
Thread count was 4 (of 4 available processors)

Solution count 10: 28333 28381 29238 ... 75418

Optimal solution found (tolerance 1.00e-04)
Best objective 2.833300000000e+04, best bound 2.833300000000e+04, gap 0.0000%
Warning: linear constraint 326 and linear constraint 878 have the same name "MTZ[2,3]"
Optimize a model with 1430 rows, 625 columns and 5064 nonzeros
Variable types: 25 continuous, 600 integer (600 binary)
Coefficient statistics:
  Matrix range     [1e+00, 2e+01]
  Objective range  [5e+02, 6e+03]
  Bounds range     [1e+00, 2e+01]
  RHS range        [1e+00, 1e+01]
Presolve removed 552 rows and 1 columns
Presolve time: 0.01s
Presolved: 878 rows, 624 columns, 3408 nonzeros
Variable types: 24 continuous, 600 integer (600 binary)

Root relaxation: objective 2.938121e+04, 136 iterations, 0.00 seconds

    Nodes    |    Current Node    |     Objective Bounds      |     Work
 Expl Unexpl |  Obj  Depth IntInf | Incumbent    BestBd   Gap | It/Node Time

     0     0 29381.2143    0   18          - 29381.2143      -     -    0s
H    0     0                    40226.000000 29381.2143  27.0%     -    0s
H    0     0                    32743.000000 29381.2143  10.3%     -    0s
     0     0 29436.0000    0   18 32743.0000 29436.0000  10.1%     -    0s
     0     0 29436.0000    0   18 32743.0000 29436.0000  10.1%     -    0s
     0     0 29490.0357    0   23 32743.0000 29490.0357  9.93%     -    0s
     0     0 29504.2024    0   28 32743.0000 29504.2024  9.89%     -    0s
H    0     0                    31955.000000 29504.2024  7.67%     -    0s
     0     0 29521.3690    0   28 31955.0000 29521.3690  7.62%     -    0s
     0     0 29521.3690    0   28 31955.0000 29521.3690  7.62%     -    0s
     0     0 29531.0357    0   28 31955.0000 29531.0357  7.59%     -    0s
     0     0 29531.0357    0   18 31955.0000 29531.0357  7.59%     -    0s
     0     0 29531.0357    0   23 31955.0000 29531.0357  7.59%     -    0s
     0     0 29531.4906    0   28 31955.0000 29531.4906  7.58%     -    0s
     0     0 29531.4906    0   28 31955.0000 29531.4906  7.58%     -    0s
     0     0 29531.4906    0   28 31955.0000 29531.4906  7.58%     -    0s
     0     0 29560.5000    0   28 31955.0000 29560.5000  7.49%     -    0s
     0     0 29568.3866    0   28 31955.0000 29568.3866  7.47%     -    0s
H    0     0                    31884.000000 29568.3866  7.26%     -    0s
     0     0 29573.6667    0   27 31884.0000 29573.6667  7.25%     -    0s
     0     0 29605.5926    0   25 31884.0000 29605.5926  7.15%     -    0s
H    0     0                    31704.000000 29605.5926  6.62%     -    0s
     0     0 29609.7750    0   26 31704.0000 29609.7750  6.61%     -    0s
     0     0 29609.7750    0   26 31704.0000 29609.7750  6.61%     -    0s
     0     0 29622.0000    0   26 31704.0000 29622.0000  6.57%     -    0s
     0     0 29624.1581    0   26 31704.0000 29624.1581  6.56%     -    0s
     0     2 29624.1581    0   26 31704.0000 29624.1581  6.56%     -    0s
H   80    67                    31175.000000 29799.4444  4.41%   7.8    0s
* 1526   517              20    31099.000000 30210.8571  2.86%   6.3    0s
* 2041   587              20    31061.000000 30302.4545  2.44%   6.3    1s
* 2042   568              19    31013.000000 30302.4545  2.29%   6.3    1s

Cutting planes:
  Cover: 9
  Implied bound: 32
  MIR: 17
  Inf proof: 5

Explored 3741 nodes (26133 simplex iterations) in 1.50 seconds
Thread count was 4 (of 4 available processors)

Solution count 9: 31013 31061 31099 ... 40226

Optimal solution found (tolerance 1.00e-04)
Best objective 3.101300000000e+04, best bound 3.101300000000e+04, gap 0.0000%
Optimize a model with 878 rows, 625 columns and 3408 nonzeros
Variable types: 25 continuous, 600 integer (600 binary)
Coefficient statistics:
  Matrix range     [1e+00, 1e+01]
  Objective range  [5e+02, 6e+03]
  Bounds range     [1e+00, 1e+01]
  RHS range        [1e+00, 9e+00]
Presolve removed 0 rows and 1 columns
Presolve time: 0.01s
Presolved: 878 rows, 624 columns, 3408 nonzeros
Variable types: 24 continuous, 600 integer (600 binary)

Root relaxation: objective 3.105877e+04, 130 iterations, 0.00 seconds

    Nodes    |    Current Node    |     Objective Bounds      |     Work
 Expl Unexpl |  Obj  Depth IntInf | Incumbent    BestBd   Gap | It/Node Time

     0     0 31058.7654    0   33          - 31058.7654      -     -    0s
H    0     0                    61253.000000 31058.7654  49.3%     -    0s
H    0     0                    39496.000000 31058.7654  21.4%     -    0s
     0     0 31131.8715    0   43 39496.0000 31131.8715  21.2%     -    0s
H    0     0                    36604.000000 31131.8715  14.9%     -    0s
     0     0 31155.4271    0   43 36604.0000 31155.4271  14.9%     -    0s
     0     0 31155.4271    0   43 36604.0000 31155.4271  14.9%     -    0s
     0     0 31287.1500    0   32 36604.0000 31287.1500  14.5%     -    0s
     0     0 31309.9148    0   30 36604.0000 31309.9148  14.5%     -    0s
     0     0 31309.9148    0   30 36604.0000 31309.9148  14.5%     -    0s
     0     0 31324.8779    0   44 36604.0000 31324.8779  14.4%     -    0s
     0     0 31334.3190    0   39 36604.0000 31334.3190  14.4%     -    0s
     0     0 31334.3190    0   39 36604.0000 31334.3190  14.4%     -    0s
     0     0 31336.8174    0   40 36604.0000 31336.8174  14.4%     -    0s
     0     0 31336.8174    0   40 36604.0000 31336.8174  14.4%     -    0s
     0     0 31336.8678    0   40 36604.0000 31336.8678  14.4%     -    0s
     0     0 31336.8678    0   40 36604.0000 31336.8678  14.4%     -    0s
H    0     0                    35916.000000 31336.8678  12.7%     -    0s
     0     2 31336.8678    0   40 35916.0000 31336.8678  12.7%     -    0s
H   31    30                    34552.000000 31473.5976  8.91%  11.9    0s
*  535   349              54    34078.000000 31668.7756  7.07%   7.4    0s
H  550   344                    33918.000000 31668.7756  6.63%   7.5    0s
H 1117   635                    33804.000000 31856.0370  5.76%   7.3    1s
H 1118   604                    33715.000000 31856.0370  5.51%   7.3    1s
H 1121   575                    33535.000000 31856.0370  5.01%   7.2    1s
H 1133   554                    33234.000000 31856.0370  4.15%   7.6    1s
H 1327   577                    33186.000000 31867.0996  3.97%   9.0    2s

Cutting planes:
  Gomory: 10
  Implied bound: 2
  MIR: 2
  Flow cover: 14
  Inf proof: 3
  Zero half: 8
  Mod-K: 1

Explored 2828 nodes (31742 simplex iterations) in 3.27 seconds
Thread count was 4 (of 4 available processors)

Solution count 10: 33186 33234 33535 ... 36604

Optimal solution found (tolerance 1.00e-04)
Best objective 3.318600000000e+04, best bound 3.318600000000e+04, gap 0.0000%
